<?xml version="1.0" encoding="UTF-8"?>
<!-- Generated by org.testng.reporters.JUnitReportReporter -->
<testsuite hostname="mehers-MBP" name="tests.functional.MainTest" tests="3" failures="0" timestamp="11 Oct 2016 21:10:50 GMT" time="5.047" errors="0">
  <testcase name="verifyJobsPageHeader" time="4.303" classname="tests.functional.MainTest"/>
  <testcase name="verifyNoOfOfficeLocations" time="0.115" classname="tests.functional.MainTest"/>
  <testcase name="verifyLatestNewsHeader" time="0.629" classname="tests.functional.MainTest"/>
</testsuite> <!-- tests.functional.MainTest -->
