<?xml version="1.0" encoding="UTF-8"?>
<!-- Generated by org.testng.reporters.JUnitReportReporter -->
<testsuite hostname="mehers-MBP" name="tests.functional.loginTests.TitleCheck" tests="1" failures="0" timestamp="30 Sep 2015 13:54:48 GMT" time="11.604" errors="0">
  <testcase name="validLogin" time="11.604" classname="tests.functional.loginTests.TitleCheck"/>
</testsuite> <!-- tests.functional.loginTests.TitleCheck -->
