<?xml version="1.0" encoding="UTF-8"?>
<!-- Generated by org.testng.reporters.JUnitReportReporter -->
<testsuite hostname="mehers-MBP" name="tests.functional.loginTests.AnotherLogin" tests="3" failures="0" timestamp="2 Oct 2015 16:44:09 GMT" time="80.451" errors="0">
  <testcase name="absenceCreationTest" time="80.215" classname="tests.functional.loginTests.AnotherLogin"/>
  <testcase name="verifyDateHolidayStatus" time="0.119" classname="tests.functional.loginTests.AnotherLogin"/>
  <testcase name="verifyDatePendingStatus" time="0.117" classname="tests.functional.loginTests.AnotherLogin"/>
</testsuite> <!-- tests.functional.loginTests.AnotherLogin -->
