<?xml version="1.0" encoding="UTF-8"?>
<!-- Generated by org.testng.reporters.JUnitReportReporter -->
<testsuite hostname="mehers-MBP" name="tests.functional.loginTests.LoginTest" tests="1" failures="0" timestamp="30 Sep 2015 14:11:26 GMT" time="81.307" errors="0">
  <testcase name="LoadPageTest" time="81.307" classname="tests.functional.loginTests.LoginTest"/>
</testsuite> <!-- tests.functional.loginTests.LoginTest -->
