<?xml version="1.0" encoding="UTF-8"?>
<!-- Generated by org.testng.reporters.JUnitReportReporter -->
<testsuite hostname="mehers-MBP" name="tests.functional.exploratory.DataTest" tests="2" failures="0" timestamp="1 Oct 2015 09:46:54 GMT" time="0.012" errors="0">
  <testcase name="printer" time="0.001" classname="tests.functional.exploratory.DataTest"/>
  <testcase name="printer" time="0.011" classname="tests.functional.exploratory.DataTest"/>
</testsuite> <!-- tests.functional.exploratory.DataTest -->
