<?xml version="1.0" encoding="UTF-8"?>
<!-- Generated by org.testng.reporters.JUnitReportReporter -->
<testsuite hostname="mehers-MBP" name="tests.functional.GetUtf" tests="1" failures="0" timestamp="12 Oct 2015 16:03:28 GMT" time="18.933" errors="0">
  <testcase name="getUTF" time="18.933" classname="tests.functional.GetUtf"/>
</testsuite> <!-- tests.functional.GetUtf -->
